{
  "RSpec": {
    "coverage": {
      "/mnt/c/Users/Anastasia/Desktop/Ruby2/lab_3/models/discussion.rb": {
        "lines": [
          null,
          null,
          1,
          null,
          null,
          1,
          1,
          null,
          1,
          50,
          50,
          50,
          50,
          50,
          null,
          null,
          1,
          11,
          null,
          null,
          1,
          12,
          null,
          null,
          1,
          12,
          null,
          null,
          1,
          5,
          5,
          5,
          null,
          null,
          1,
          1,
          null,
          null,
          null
        ]
      },
      "/mnt/c/Users/Anastasia/Desktop/Ruby2/lab_3/models/list_messages.rb": {
        "lines": [
          null,
          null,
          1,
          1,
          null,
          null,
          1,
          1,
          null,
          1,
          58,
          121,
          null,
          null,
          null,
          null,
          1,
          16,
          null,
          null,
          1,
          2,
          null,
          null,
          1,
          11,
          33,
          null,
          null,
          null,
          1,
          14,
          5,
          null,
          9,
          null,
          null,
          null,
          1,
          13,
          null,
          null,
          1,
          7,
          18,
          null,
          null,
          null,
          1,
          7,
          15,
          null,
          null,
          null,
          null
        ]
      },
      "/mnt/c/Users/Anastasia/Desktop/Ruby2/lab_3/models/message.rb": {
        "lines": [
          null,
          null,
          null,
          1,
          1,
          null,
          1,
          126,
          126,
          126,
          null,
          null,
          1,
          21,
          1,
          null,
          20,
          20,
          null,
          21,
          21,
          null,
          null,
          1,
          1,
          null,
          null
        ]
      },
      "/mnt/c/Users/Anastasia/Desktop/Ruby2/lab_3/models/list_discussions.rb": {
        "lines": [
          null,
          null,
          1,
          1,
          1,
          1,
          1,
          null,
          null,
          1,
          1,
          null,
          1,
          17,
          17,
          null,
          null,
          1,
          2,
          6,
          null,
          null,
          null,
          null,
          null,
          1,
          4,
          null,
          null,
          1,
          1,
          null,
          null,
          1,
          1,
          null,
          1,
          1,
          1,
          1,
          null,
          null,
          null,
          1,
          null,
          null,
          null,
          1,
          1,
          1,
          null,
          null,
          null,
          1,
          4,
          null,
          null,
          1,
          3,
          1,
          null,
          null,
          1,
          2,
          null,
          null,
          1,
          5,
          4,
          null,
          1,
          null,
          5,
          null,
          1,
          null,
          1,
          null,
          1,
          null,
          2,
          null,
          null,
          null,
          1,
          2,
          6,
          null,
          null,
          null,
          1,
          2,
          6,
          null,
          null,
          null,
          1,
          2,
          6,
          null,
          null,
          null,
          1,
          1,
          null,
          null,
          1,
          1,
          null,
          null,
          null,
          null,
          1,
          2,
          6,
          null,
          2,
          2,
          12,
          12,
          null,
          null,
          null,
          1,
          3,
          9,
          null,
          null,
          null,
          1,
          1,
          3,
          null,
          null,
          null
        ]
      }
    },
    "timestamp": 1640368268
  }
}
